BEGIN;
BEGIN
EXPLAIN
select
	sum(l_extendedprice* (1 - l_discount)) as revenue
from
	lineitem,
	part
where
	(
		p_partkey = l_partkey
		and p_brand = 'Brand#41'
		and p_container in ('SM CASE', 'SM BOX', 'SM PACK', 'SM PKG')
		and l_quantity >= 3 and l_quantity <= 3+10
		and p_size between 1 and 5
		and l_shipmode in ('AIR', 'AIR REG')
		and l_shipinstruct = 'DELIVER IN PERSON'
	)
	or
	(
		p_partkey = l_partkey
		and p_brand = 'Brand#23'
		and p_container in ('MED BAG', 'MED BOX', 'MED PKG', 'MED PACK')
		and l_quantity >= 10 and l_quantity <= 10+10
		and p_size between 1 and 10
		and l_shipmode in ('AIR', 'AIR REG')
		and l_shipinstruct = 'DELIVER IN PERSON'
	)
	or
	(
		p_partkey = l_partkey
		and p_brand = 'Brand#31'
		and p_container in ('LG CASE', 'LG BOX', 'LG PACK', 'LG PKG')
		and l_quantity >= 30 and l_quantity <= 30+10
		and p_size between 1 and 15
		and l_shipmode in ('AIR', 'AIR REG')
		and l_shipinstruct = 'DELIVER IN PERSON'
	);
                                                                                                                                                                                                                                                                                                                                                                                                                                                                                                                                   QUERY PLAN                                                                                                                                                                                                                                                                                                                                                                                                                                                                                                                                    
---------------------------------------------------------------------------------------------------------------------------------------------------------------------------------------------------------------------------------------------------------------------------------------------------------------------------------------------------------------------------------------------------------------------------------------------------------------------------------------------------------------------------------------------------------------------------------------------------------------------------------------------------------------------------------------------------------------------------------------------------------------------------------------------------------------------------------------------------------------------------------------------------------------------------------------------------------------------------------------------------------------------------------------------------------------------------------
 Aggregate  (cost=1829752.97..1829752.98 rows=1 width=8)
   ->  Nested Loop  (cost=257228.53..1829667.10 rows=11449 width=8)
         ->  Bitmap Heap Scan on part  (cost=257227.95..395054.03 rows=47959 width=30)
               Recheck Cond: (((p_container = ANY ('{"SM CASE","SM BOX","SM PACK","SM PKG"}'::bpchar[])) AND (p_brand = 'Brand#41'::bpchar) AND (p_size <= 5) AND (p_size >= 1)) OR ((p_container = ANY ('{"MED BAG","MED BOX","MED PKG","MED PACK"}'::bpchar[])) AND (p_brand = 'Brand#23'::bpchar) AND (p_size <= 10) AND (p_size >= 1)) OR ((p_container = ANY ('{"LG CASE","LG BOX","LG PACK","LG PKG"}'::bpchar[])) AND (p_brand = 'Brand#31'::bpchar) AND (p_size <= 15) AND (p_size >= 1)))
               ->  BitmapOr  (cost=257227.95..257227.95 rows=47993 width=0)
                     ->  BitmapAnd  (cost=43675.10..43675.10 rows=7561 width=0)
                           ->  Bitmap Index Scan on part_p_container_p_brand_p_partkey_idx  (cost=0.00..2663.85 rows=77362 width=0)
                                 Index Cond: ((p_container = ANY ('{"SM CASE","SM BOX","SM PACK","SM PKG"}'::bpchar[])) AND (p_brand = 'Brand#41'::bpchar))
                           ->  Bitmap Index Scan on part_p_size_idx  (cost=0.00..40987.02 rows=1954658 width=0)
                                 Index Cond: ((p_size <= 5) AND (p_size >= 1))
                     ->  BitmapAnd  (cost=86171.59..86171.59 rows=15438 width=0)
                           ->  Bitmap Index Scan on part_p_container_p_brand_p_partkey_idx  (cost=0.00..2665.77 rows=77552 width=0)
                                 Index Cond: ((p_container = ANY ('{"MED BAG","MED BOX","MED PKG","MED PACK"}'::bpchar[])) AND (p_brand = 'Brand#23'::bpchar))
                           ->  Bitmap Index Scan on part_p_size_idx  (cost=0.00..83481.59 rows=3981315 width=0)
                                 Index Cond: ((p_size <= 10) AND (p_size >= 1))
                     ->  BitmapAnd  (cost=127380.77..127380.77 rows=24994 width=0)
                           ->  Bitmap Index Scan on part_p_container_p_brand_p_partkey_idx  (cost=0.00..2888.37 rows=84213 width=0)
                                 Index Cond: ((p_container = ANY ('{"LG CASE","LG BOX","LG PACK","LG PKG"}'::bpchar[])) AND (p_brand = 'Brand#31'::bpchar))
                           ->  Bitmap Index Scan on part_p_size_idx  (cost=0.00..124468.17 rows=5935973 width=0)
                                 Index Cond: ((p_size <= 15) AND (p_size >= 1))
         ->  Index Scan using lineitem_l_partkey_l_quantity_l_shipmode_idx on lineitem  (cost=0.57..29.90 rows=1 width=16)
               Index Cond: ((l_partkey = part.p_partkey) AND (l_shipmode = ANY ('{AIR,"AIR REG"}'::bpchar[])))
               Filter: ((l_shipinstruct = 'DELIVER IN PERSON'::bpchar) AND (((l_quantity >= '3'::double precision) AND (l_quantity <= '13'::double precision)) OR ((l_quantity >= '10'::double precision) AND (l_quantity <= '20'::double precision)) OR ((l_quantity >= '30'::double precision) AND (l_quantity <= '40'::double precision))) AND (((part.p_brand = 'Brand#41'::bpchar) AND (part.p_container = ANY ('{"SM CASE","SM BOX","SM PACK","SM PKG"}'::bpchar[])) AND (l_quantity >= '3'::double precision) AND (l_quantity <= '13'::double precision) AND (part.p_size <= 5)) OR ((part.p_brand = 'Brand#23'::bpchar) AND (part.p_container = ANY ('{"MED BAG","MED BOX","MED PKG","MED PACK"}'::bpchar[])) AND (l_quantity >= '10'::double precision) AND (l_quantity <= '20'::double precision) AND (part.p_size <= 10)) OR ((part.p_brand = 'Brand#31'::bpchar) AND (part.p_container = ANY ('{"LG CASE","LG BOX","LG PACK","LG PKG"}'::bpchar[])) AND (l_quantity >= '30'::double precision) AND (l_quantity <= '40'::double precision) AND (part.p_size <= 15))))
(23 rows)

COMMIT;
COMMIT
